<?xml version="1.0" encoding="UTF-8"?>
<testsuite name="com.dani.book.springboot.web.MIndexControllerTest" tests="1" skipped="0" failures="0" errors="0" timestamp="2020-10-31T04:55:17" hostname="gimda-eun-ui-MacBookPro.local" time="0.234">
  <properties/>
  <testcase name="메인페이지_로딩" classname="com.dani.book.springboot.web.MIndexControllerTest" time="0.234"/>
  <system-out><![CDATA[13:55:13.170 [Test worker] DEBUG org.springframework.test.context.junit4.SpringJUnit4ClassRunner - SpringJUnit4ClassRunner constructor called with [class com.dani.book.springboot.web.MIndexControllerTest]
13:55:13.178 [Test worker] DEBUG org.springframework.test.context.BootstrapUtils - Instantiating CacheAwareContextLoaderDelegate from class [org.springframework.test.context.cache.DefaultCacheAwareContextLoaderDelegate]
13:55:13.185 [Test worker] DEBUG org.springframework.test.context.BootstrapUtils - Instantiating BootstrapContext using constructor [public org.springframework.test.context.support.DefaultBootstrapContext(java.lang.Class,org.springframework.test.context.CacheAwareContextLoaderDelegate)]
13:55:13.200 [Test worker] DEBUG org.springframework.test.context.BootstrapUtils - Instantiating TestContextBootstrapper for test class [com.dani.book.springboot.web.MIndexControllerTest] from class [org.springframework.boot.test.context.SpringBootTestContextBootstrapper]
13:55:13.209 [Test worker] INFO org.springframework.boot.test.context.SpringBootTestContextBootstrapper - Neither @ContextConfiguration nor @ContextHierarchy found for test class [com.dani.book.springboot.web.MIndexControllerTest], using SpringBootContextLoader
13:55:13.211 [Test worker] DEBUG org.springframework.test.context.support.AbstractContextLoader - Did not detect default resource location for test class [com.dani.book.springboot.web.MIndexControllerTest]: class path resource [com/dani/book/springboot/web/MIndexControllerTest-context.xml] does not exist
13:55:13.211 [Test worker] DEBUG org.springframework.test.context.support.AbstractContextLoader - Did not detect default resource location for test class [com.dani.book.springboot.web.MIndexControllerTest]: class path resource [com/dani/book/springboot/web/MIndexControllerTestContext.groovy] does not exist
13:55:13.211 [Test worker] INFO org.springframework.test.context.support.AbstractContextLoader - Could not detect default resource locations for test class [com.dani.book.springboot.web.MIndexControllerTest]: no resource found for suffixes {-context.xml, Context.groovy}.
13:55:13.212 [Test worker] INFO org.springframework.test.context.support.AnnotationConfigContextLoaderUtils - Could not detect default configuration classes for test class [com.dani.book.springboot.web.MIndexControllerTest]: MIndexControllerTest does not declare any static, non-private, non-final, nested classes annotated with @Configuration.
13:55:13.248 [Test worker] DEBUG org.springframework.test.context.support.ActiveProfilesUtils - Could not find an 'annotation declaring class' for annotation type [org.springframework.test.context.ActiveProfiles] and class [com.dani.book.springboot.web.MIndexControllerTest]
13:55:13.331 [Test worker] DEBUG org.springframework.context.annotation.ClassPathScanningCandidateComponentProvider - Identified candidate component class: file [/Users/gimda-eun/Desktop/project/build/classes/java/main/com/dani/book/springboot/Application.class]
13:55:13.332 [Test worker] INFO org.springframework.boot.test.context.SpringBootTestContextBootstrapper - Found @SpringBootConfiguration com.dani.book.springboot.Application for test class com.dani.book.springboot.web.MIndexControllerTest
13:55:13.404 [Test worker] DEBUG org.springframework.boot.test.context.SpringBootTestContextBootstrapper - @TestExecutionListeners is not present for class [com.dani.book.springboot.web.MIndexControllerTest]: using defaults.
13:55:13.404 [Test worker] INFO org.springframework.boot.test.context.SpringBootTestContextBootstrapper - Loaded default TestExecutionListener class names from location [META-INF/spring.factories]: [org.springframework.boot.test.autoconfigure.restdocs.RestDocsTestExecutionListener, org.springframework.boot.test.autoconfigure.web.client.MockRestServiceServerResetTestExecutionListener, org.springframework.boot.test.autoconfigure.web.servlet.MockMvcPrintOnlyOnFailureTestExecutionListener, org.springframework.boot.test.autoconfigure.web.servlet.WebDriverTestExecutionListener, org.springframework.boot.test.mock.mockito.MockitoTestExecutionListener, org.springframework.boot.test.mock.mockito.ResetMocksTestExecutionListener, org.springframework.test.context.web.ServletTestExecutionListener, org.springframework.test.context.support.DirtiesContextBeforeModesTestExecutionListener, org.springframework.test.context.support.DependencyInjectionTestExecutionListener, org.springframework.test.context.support.DirtiesContextTestExecutionListener, org.springframework.test.context.transaction.TransactionalTestExecutionListener, org.springframework.test.context.jdbc.SqlScriptsTestExecutionListener]
13:55:13.417 [Test worker] INFO org.springframework.boot.test.context.SpringBootTestContextBootstrapper - Using TestExecutionListeners: [org.springframework.test.context.web.ServletTestExecutionListener@11b59931, org.springframework.test.context.support.DirtiesContextBeforeModesTestExecutionListener@10cdfd03, org.springframework.boot.test.mock.mockito.MockitoTestExecutionListener@5c581ef1, org.springframework.boot.test.autoconfigure.SpringBootDependencyInjectionTestExecutionListener@2ff8bf44, org.springframework.test.context.support.DirtiesContextTestExecutionListener@1239d79b, org.springframework.test.context.transaction.TransactionalTestExecutionListener@6d63053a, org.springframework.test.context.jdbc.SqlScriptsTestExecutionListener@715021f1, org.springframework.boot.test.autoconfigure.restdocs.RestDocsTestExecutionListener@1bb8b200, org.springframework.boot.test.autoconfigure.web.client.MockRestServiceServerResetTestExecutionListener@47612be3, org.springframework.boot.test.autoconfigure.web.servlet.MockMvcPrintOnlyOnFailureTestExecutionListener@32deace0, org.springframework.boot.test.autoconfigure.web.servlet.WebDriverTestExecutionListener@42715ce3, org.springframework.boot.test.mock.mockito.ResetMocksTestExecutionListener@1c07de1f]
13:55:13.426 [Test worker] DEBUG org.springframework.test.annotation.ProfileValueUtils - Retrieved @ProfileValueSourceConfiguration [null] for test class [com.dani.book.springboot.web.MIndexControllerTest]
13:55:13.427 [Test worker] DEBUG org.springframework.test.annotation.ProfileValueUtils - Retrieved ProfileValueSource type [class org.springframework.test.annotation.SystemProfileValueSource] for class [com.dani.book.springboot.web.MIndexControllerTest]
13:55:13.430 [Test worker] DEBUG org.springframework.test.annotation.ProfileValueUtils - Retrieved @ProfileValueSourceConfiguration [null] for test class [com.dani.book.springboot.web.MIndexControllerTest]
13:55:13.430 [Test worker] DEBUG org.springframework.test.annotation.ProfileValueUtils - Retrieved ProfileValueSource type [class org.springframework.test.annotation.SystemProfileValueSource] for class [com.dani.book.springboot.web.MIndexControllerTest]
13:55:13.430 [Test worker] DEBUG org.springframework.test.annotation.ProfileValueUtils - Retrieved @ProfileValueSourceConfiguration [null] for test class [com.dani.book.springboot.web.MIndexControllerTest]
13:55:13.430 [Test worker] DEBUG org.springframework.test.annotation.ProfileValueUtils - Retrieved ProfileValueSource type [class org.springframework.test.annotation.SystemProfileValueSource] for class [com.dani.book.springboot.web.MIndexControllerTest]
13:55:13.433 [Test worker] DEBUG org.springframework.test.context.support.AbstractDirtiesContextTestExecutionListener - Before test class: context [DefaultTestContext@63163610 testClass = MIndexControllerTest, testInstance = [null], testMethod = [null], testException = [null], mergedContextConfiguration = [WebMergedContextConfiguration@2ca3ef7 testClass = MIndexControllerTest, locations = '{}', classes = '{class com.dani.book.springboot.Application}', contextInitializerClasses = '[]', activeProfiles = '{}', propertySourceLocations = '{}', propertySourceProperties = '{org.springframework.boot.test.context.SpringBootTestContextBootstrapper=true, server.port=0}', contextCustomizers = set[org.springframework.boot.test.autoconfigure.properties.PropertyMappingContextCustomizer@0, org.springframework.boot.test.autoconfigure.web.servlet.WebDriverContextCustomizerFactory$Customizer@4f7d2c9, org.springframework.boot.test.context.filter.ExcludeFilterContextCustomizer@264cebc9, org.springframework.boot.test.json.DuplicateJsonObjectContextCustomizerFactory$DuplicateJsonObjectContextCustomizer@74f73bfe, org.springframework.boot.test.mock.mockito.MockitoContextCustomizer@0, org.springframework.boot.test.web.client.TestRestTemplateContextCustomizer@57cca4f4], resourceBasePath = 'src/main/webapp', contextLoader = 'org.springframework.boot.test.context.SpringBootContextLoader', parent = [null]], attributes = map['org.springframework.test.context.web.ServletTestExecutionListener.activateListener' -> false]], class annotated with @DirtiesContext [false] with mode [null].
13:55:13.433 [Test worker] DEBUG org.springframework.test.annotation.ProfileValueUtils - Retrieved @ProfileValueSourceConfiguration [null] for test class [com.dani.book.springboot.web.MIndexControllerTest]
13:55:13.434 [Test worker] DEBUG org.springframework.test.annotation.ProfileValueUtils - Retrieved ProfileValueSource type [class org.springframework.test.annotation.SystemProfileValueSource] for class [com.dani.book.springboot.web.MIndexControllerTest]
13:55:13.437 [Test worker] DEBUG org.springframework.test.context.support.DependencyInjectionTestExecutionListener - Performing dependency injection for test context [[DefaultTestContext@63163610 testClass = MIndexControllerTest, testInstance = com.dani.book.springboot.web.MIndexControllerTest@54f1ca06, testMethod = [null], testException = [null], mergedContextConfiguration = [WebMergedContextConfiguration@2ca3ef7 testClass = MIndexControllerTest, locations = '{}', classes = '{class com.dani.book.springboot.Application}', contextInitializerClasses = '[]', activeProfiles = '{}', propertySourceLocations = '{}', propertySourceProperties = '{org.springframework.boot.test.context.SpringBootTestContextBootstrapper=true, server.port=0}', contextCustomizers = set[org.springframework.boot.test.autoconfigure.properties.PropertyMappingContextCustomizer@0, org.springframework.boot.test.autoconfigure.web.servlet.WebDriverContextCustomizerFactory$Customizer@4f7d2c9, org.springframework.boot.test.context.filter.ExcludeFilterContextCustomizer@264cebc9, org.springframework.boot.test.json.DuplicateJsonObjectContextCustomizerFactory$DuplicateJsonObjectContextCustomizer@74f73bfe, org.springframework.boot.test.mock.mockito.MockitoContextCustomizer@0, org.springframework.boot.test.web.client.TestRestTemplateContextCustomizer@57cca4f4], resourceBasePath = 'src/main/webapp', contextLoader = 'org.springframework.boot.test.context.SpringBootContextLoader', parent = [null]], attributes = map['org.springframework.test.context.web.ServletTestExecutionListener.activateListener' -> false]]].
13:55:13.455 [Test worker] DEBUG org.springframework.test.context.support.TestPropertySourceUtils - Adding inlined properties to environment: {spring.jmx.enabled=false, org.springframework.boot.test.context.SpringBootTestContextBootstrapper=true, server.port=0}

  .   ____          _            __ _ _
 /\\ / ___'_ __ _ _(_)_ __  __ _ \ \ \ \
( ( )\___ | '_ | '_| | '_ \/ _` | \ \ \ \
 \\/  ___)| |_)| | | | | || (_| |  ) ) ) )
  '  |____| .__|_| |_|_| |_\__, | / / / /
 =========|_|==============|___/=/_/_/_/
 :: Spring Boot ::        (v2.1.7.RELEASE)

2020-10-31 13:55:13.634  INFO 5959 --- [    Test worker] c.d.b.s.web.MIndexControllerTest         : Starting MIndexControllerTest on gimda-eun-ui-MacBookPro.local with PID 5959 (started by gimda-eun in /Users/gimda-eun/Desktop/project)
2020-10-31 13:55:13.635  INFO 5959 --- [    Test worker] c.d.b.s.web.MIndexControllerTest         : No active profile set, falling back to default profiles: default
2020-10-31 13:55:14.238  INFO 5959 --- [    Test worker] .s.d.r.c.RepositoryConfigurationDelegate : Bootstrapping Spring Data repositories in DEFAULT mode.
2020-10-31 13:55:14.297  INFO 5959 --- [    Test worker] .s.d.r.c.RepositoryConfigurationDelegate : Finished Spring Data repository scanning in 49ms. Found 1 repository interfaces.
2020-10-31 13:55:14.654  INFO 5959 --- [    Test worker] trationDelegate$BeanPostProcessorChecker : Bean 'org.springframework.transaction.annotation.ProxyTransactionManagementConfiguration' of type [org.springframework.transaction.annotation.ProxyTransactionManagementConfiguration$$EnhancerBySpringCGLIB$$b20126d0] is not eligible for getting processed by all BeanPostProcessors (for example: not eligible for auto-proxying)
2020-10-31 13:55:15.001  INFO 5959 --- [    Test worker] o.s.b.w.embedded.tomcat.TomcatWebServer  : Tomcat initialized with port(s): 0 (http)
2020-10-31 13:55:15.024  INFO 5959 --- [    Test worker] o.apache.catalina.core.StandardService   : Starting service [Tomcat]
2020-10-31 13:55:15.025  INFO 5959 --- [    Test worker] org.apache.catalina.core.StandardEngine  : Starting Servlet engine: [Apache Tomcat/9.0.22]
2020-10-31 13:55:15.210  INFO 5959 --- [    Test worker] org.apache.jasper.servlet.TldScanner     : At least one JAR was scanned for TLDs yet contained no TLDs. Enable debug logging for this logger for a complete list of JARs that were scanned but no TLDs were found in them. Skipping unneeded JARs during scanning can improve startup time and JSP compilation time.
2020-10-31 13:55:15.215  INFO 5959 --- [    Test worker] o.a.c.c.C.[Tomcat].[localhost].[/]       : Initializing Spring embedded WebApplicationContext
2020-10-31 13:55:15.215  INFO 5959 --- [    Test worker] o.s.web.context.ContextLoader            : Root WebApplicationContext: initialization completed in 1551 ms
2020-10-31 13:55:15.446  INFO 5959 --- [    Test worker] com.zaxxer.hikari.HikariDataSource       : HikariPool-1 - Starting...
2020-10-31 13:55:15.599  INFO 5959 --- [    Test worker] com.zaxxer.hikari.HikariDataSource       : HikariPool-1 - Start completed.
2020-10-31 13:55:15.684  INFO 5959 --- [    Test worker] o.hibernate.jpa.internal.util.LogHelper  : HHH000204: Processing PersistenceUnitInfo [
	name: default
	...]
2020-10-31 13:55:15.748  INFO 5959 --- [    Test worker] org.hibernate.Version                    : HHH000412: Hibernate Core {5.3.10.Final}
2020-10-31 13:55:15.750  INFO 5959 --- [    Test worker] org.hibernate.cfg.Environment            : HHH000206: hibernate.properties not found
2020-10-31 13:55:15.892  INFO 5959 --- [    Test worker] o.hibernate.annotations.common.Version   : HCANN000001: Hibernate Commons Annotations {5.0.4.Final}
2020-10-31 13:55:16.027  INFO 5959 --- [    Test worker] org.hibernate.dialect.Dialect            : HHH000400: Using dialect: org.hibernate.dialect.MySQL5InnoDBDialect
Hibernate: drop table if exists posts
Hibernate: create table posts (id bigint not null auto_increment, create_data datetime, modified_date datetime, author varchar(255), content TEXT not null, title varchar(500) not null, primary key (id)) engine=InnoDB
2020-10-31 13:55:16.558  INFO 5959 --- [    Test worker] o.h.t.schema.internal.SchemaCreatorImpl  : HHH000476: Executing import script 'org.hibernate.tool.schema.internal.exec.ScriptSourceInputNonExistentImpl@1f8f8298'
2020-10-31 13:55:16.560  INFO 5959 --- [    Test worker] j.LocalContainerEntityManagerFactoryBean : Initialized JPA EntityManagerFactory for persistence unit 'default'
2020-10-31 13:55:17.293  INFO 5959 --- [    Test worker] o.s.s.concurrent.ThreadPoolTaskExecutor  : Initializing ExecutorService 'applicationTaskExecutor'
2020-10-31 13:55:17.348  WARN 5959 --- [    Test worker] aWebConfiguration$JpaWebMvcConfiguration : spring.jpa.open-in-view is enabled by default. Therefore, database queries may be performed during view rendering. Explicitly configure spring.jpa.open-in-view to disable this warning
2020-10-31 13:55:17.396  INFO 5959 --- [    Test worker] o.s.b.a.w.s.WelcomePageHandlerMapping    : Adding welcome page template: index
2020-10-31 13:55:17.695  INFO 5959 --- [    Test worker] o.s.b.w.embedded.tomcat.TomcatWebServer  : Tomcat started on port(s): 54350 (http) with context path ''
2020-10-31 13:55:17.698  INFO 5959 --- [    Test worker] c.d.b.s.web.MIndexControllerTest         : Started MIndexControllerTest in 4.241 seconds (JVM running for 4.994)
2020-10-31 13:55:17.825  INFO 5959 --- [o-auto-1-exec-1] o.a.c.c.C.[Tomcat].[localhost].[/]       : Initializing Spring DispatcherServlet 'dispatcherServlet'
2020-10-31 13:55:17.826  INFO 5959 --- [o-auto-1-exec-1] o.s.web.servlet.DispatcherServlet        : Initializing Servlet 'dispatcherServlet'
2020-10-31 13:55:17.845  INFO 5959 --- [o-auto-1-exec-1] o.s.web.servlet.DispatcherServlet        : Completed initialization in 19 ms
]]></system-out>
  <system-err><![CDATA[]]></system-err>
</testsuite>
